============================= test session starts ==============================
platform linux -- Python 3.12.3, pytest-9.0.3, pluggy-1.6.0 -- /home/samehabib/jpos-q2-switch-ui/.venv/bin/python
cachedir: .pytest_cache
rootdir: /home/samehabib/jpos-q2-switch-ui
plugins: asyncio-1.3.0, anyio-4.13.0
asyncio: mode=Mode.STRICT, debug=False, asyncio_default_fixture_loop_scope=None, asyncio_default_test_loop_scope=function
collecting ... collected 104 items

backend/tests/test_config.py::TestBins::test_returns_200 PASSED          [  0%]
backend/tests/test_config.py::TestBins::test_returns_list PASSED         [  1%]
backend/tests/test_config.py::TestBins::test_seeded_bins_present PASSED  [  2%]
backend/tests/test_config.py::TestBins::test_filter_by_scheme PASSED     [  3%]
backend/tests/test_config.py::TestBins::test_filter_by_issuer PASSED     [  4%]
backend/tests/test_config.py::TestBins::test_pagination PASSED           [  5%]
backend/tests/test_config.py::TestBins::test_bin_fields PASSED           [  6%]
backend/tests/test_config.py::TestTerminals::test_returns_200 PASSED     [  7%]
backend/tests/test_config.py::TestTerminals::test_returns_list PASSED    [  8%]
backend/tests/test_config.py::TestTerminals::test_seeded_terminals_present PASSED [  9%]
backend/tests/test_config.py::TestTerminals::test_filter_by_acquirer PASSED [ 10%]
backend/tests/test_config.py::TestTerminals::test_pagination PASSED      [ 11%]
backend/tests/test_config.py::TestTerminals::test_terminal_fields PASSED [ 12%]
backend/tests/test_config.py::TestRoutingDecision::test_known_bin_returns_200 PASSED [ 13%]
backend/tests/test_config.py::TestRoutingDecision::test_known_bin_scheme PASSED [ 14%]
backend/tests/test_config.py::TestRoutingDecision::test_known_visa_bin PASSED [ 15%]
backend/tests/test_config.py::TestRoutingDecision::test_unknown_bin_returns_200_with_message PASSED [ 16%]
backend/tests/test_config.py::TestRoutingDecision::test_short_pan_returns_400 PASSED [ 17%]
backend/tests/test_config.py::TestRoutingDecision::test_response_has_pan_field PASSED [ 18%]
backend/tests/test_config.py::TestRoutingDecision::test_response_has_bin_field PASSED [ 19%]
backend/tests/test_dashboard.py::TestDashboardSummary::test_returns_200 PASSED [ 20%]
backend/tests/test_dashboard.py::TestDashboardSummary::test_has_required_fields PASSED [ 21%]
backend/tests/test_dashboard.py::TestDashboardSummary::test_total_transactions_non_negative PASSED [ 22%]
backend/tests/test_dashboard.py::TestDashboardSummary::test_total_amount_non_negative PASSED [ 23%]
backend/tests/test_dashboard.py::TestDashboardSummary::test_total_matches_seeded_data PASSED [ 24%]
backend/tests/test_dashboard.py::TestDashboardSummary::test_reversal_count_from_seeded PASSED [ 25%]
backend/tests/test_dashboard.py::TestDashboardStatus::test_returns_200 PASSED [ 25%]
backend/tests/test_dashboard.py::TestDashboardStatus::test_returns_list PASSED [ 26%]
backend/tests/test_dashboard.py::TestDashboardStatus::test_items_have_status_and_count PASSED [ 27%]
backend/tests/test_dashboard.py::TestDashboardStatus::test_approved_status_present PASSED [ 28%]
backend/tests/test_dashboard.py::TestDashboardStatus::test_no_duplicate_statuses PASSED [ 29%]
backend/tests/test_dashboard.py::TestDashboardVolume::test_returns_200 PASSED [ 30%]
backend/tests/test_dashboard.py::TestDashboardVolume::test_returns_list PASSED [ 31%]
backend/tests/test_dashboard.py::TestDashboardVolume::test_items_have_required_fields PASSED [ 32%]
backend/tests/test_dashboard.py::TestDashboardVolume::test_counts_non_negative PASSED [ 33%]
backend/tests/test_dashboard.py::TestDashboardVolume::test_max_30_days PASSED [ 34%]
backend/tests/test_health.py::test_health PASSED                         [ 35%]
backend/tests/test_net_settlement.py::TestListNetSettlement::test_returns_200 PASSED [ 36%]
backend/tests/test_net_settlement.py::TestListNetSettlement::test_returns_list PASSED [ 37%]
backend/tests/test_net_settlement.py::TestListNetSettlement::test_pagination PASSED [ 38%]
backend/tests/test_net_settlement.py::TestListNetSettlement::test_filter_by_party_id PASSED [ 39%]
backend/tests/test_net_settlement.py::TestListNetSettlement::test_fields_present PASSED [ 40%]
backend/tests/test_net_settlement.py::TestListNetSettlement::test_seeded_data_present PASSED [ 41%]
backend/tests/test_net_settlement.py::TestNetSettlementSummary::test_returns_200 PASSED [ 42%]
backend/tests/test_net_settlement.py::TestNetSettlementSummary::test_returns_list PASSED [ 43%]
backend/tests/test_net_settlement.py::TestNetSettlementSummary::test_summary_fields PASSED [ 44%]
backend/tests/test_net_settlement.py::TestNetSettlementSummary::test_bank_a_net_amount PASSED [ 45%]
backend/tests/test_net_settlement.py::TestNetSettlementSummary::test_bank_b_net_amount PASSED [ 46%]
backend/tests/test_net_settlement.py::TestNetSettlementByBatch::test_returns_200_for_valid_batch PASSED [ 47%]
backend/tests/test_net_settlement.py::TestNetSettlementByBatch::test_returns_list PASSED [ 48%]
backend/tests/test_net_settlement.py::TestNetSettlementByBatch::test_correct_batch_entries PASSED [ 49%]
backend/tests/test_net_settlement.py::TestNetSettlementByBatch::test_empty_for_nonexistent_batch PASSED [ 50%]
backend/tests/test_reconciliation.py::TestReconciliationIssues::test_returns_200 PASSED [ 50%]
backend/tests/test_reconciliation.py::TestReconciliationIssues::test_returns_list PASSED [ 51%]
backend/tests/test_reconciliation.py::TestReconciliationIssues::test_each_issue_has_required_fields PASSED [ 52%]
backend/tests/test_reconciliation.py::TestReconciliationIssues::test_pagination_limit PASSED [ 53%]
backend/tests/test_reconciliation.py::TestReconciliationIssues::test_pagination_offset PASSED [ 54%]
backend/tests/test_reconciliation.py::TestMissingResponses::test_returns_200 PASSED [ 55%]
backend/tests/test_reconciliation.py::TestMissingResponses::test_only_request_received_status PASSED [ 56%]
backend/tests/test_reconciliation.py::TestMissingResponses::test_issue_type_is_missing_response PASSED [ 57%]
backend/tests/test_reconciliation.py::TestMissingResponses::test_contains_seeded_missing_tx PASSED [ 58%]
backend/tests/test_reconciliation.py::TestReversalCandidates::test_returns_200 PASSED [ 59%]
backend/tests/test_reconciliation.py::TestReversalCandidates::test_only_authorized_status PASSED [ 60%]
backend/tests/test_reconciliation.py::TestReversalCandidates::test_issue_type_is_reversal_candidate PASSED [ 61%]
backend/tests/test_reconciliation.py::TestReversalCandidates::test_contains_seeded_authorized_tx PASSED [ 62%]
backend/tests/test_reconciliation.py::TestReconciliationSummary::test_returns_200 PASSED [ 63%]
backend/tests/test_reconciliation.py::TestReconciliationSummary::test_has_required_keys PASSED [ 64%]
backend/tests/test_reconciliation.py::TestReconciliationSummary::test_counts_are_non_negative PASSED [ 65%]
backend/tests/test_reconciliation.py::TestReconciliationSummary::test_summary_matches_individual_endpoints PASSED [ 66%]
backend/tests/test_settlement.py::TestListSettlementBatches::test_returns_200 PASSED [ 67%]
backend/tests/test_settlement.py::TestListSettlementBatches::test_returns_list PASSED [ 68%]
backend/tests/test_settlement.py::TestListSettlementBatches::test_pagination_limit PASSED [ 69%]
backend/tests/test_settlement.py::TestListSettlementBatches::test_batch_fields PASSED [ 70%]
backend/tests/test_settlement.py::TestListSettlementBatches::test_seeded_batch_present PASSED [ 71%]
backend/tests/test_settlement.py::TestGetSettlementBatch::test_get_existing_batch PASSED [ 72%]
backend/tests/test_settlement.py::TestGetSettlementBatch::test_get_nonexistent_returns_404 PASSED [ 73%]
backend/tests/test_settlement.py::TestGetSettlementBatch::test_batch_detail_fields PASSED [ 74%]
backend/tests/test_settlement.py::TestRunSettlement::test_run_returns_200 PASSED [ 75%]
backend/tests/test_settlement.py::TestRunSettlement::test_run_returns_batch_id PASSED [ 75%]
backend/tests/test_settlement.py::TestRunSettlement::test_run_returns_message PASSED [ 76%]
backend/tests/test_settlement.py::TestRunSettlement::test_run_with_date_param PASSED [ 77%]
backend/tests/test_settlement.py::TestRunSettlement::test_run_settled_count_non_negative PASSED [ 78%]
backend/tests/test_settlement.py::TestRunSettlement::test_run_total_amount_non_negative PASSED [ 79%]
backend/tests/test_transactions.py::TestListTransactions::test_returns_200 PASSED [ 80%]
backend/tests/test_transactions.py::TestListTransactions::test_returns_list PASSED [ 81%]
backend/tests/test_transactions.py::TestListTransactions::test_default_limit PASSED [ 82%]
backend/tests/test_transactions.py::TestListTransactions::test_pagination_limit PASSED [ 83%]
backend/tests/test_transactions.py::TestListTransactions::test_pagination_offset PASSED [ 84%]
backend/tests/test_transactions.py::TestListTransactions::test_filter_by_status PASSED [ 85%]
backend/tests/test_transactions.py::TestListTransactions::test_filter_by_scheme PASSED [ 86%]
backend/tests/test_transactions.py::TestListTransactions::test_filter_by_settled PASSED [ 87%]
backend/tests/test_transactions.py::TestListTransactions::test_transaction_fields PASSED [ 88%]
backend/tests/test_transactions.py::TestSearchTransactions::test_search_by_stan PASSED [ 89%]
backend/tests/test_transactions.py::TestSearchTransactions::test_search_by_rrn PASSED [ 90%]
backend/tests/test_transactions.py::TestSearchTransactions::test_search_no_filter_returns_all PASSED [ 91%]
backend/tests/test_transactions.py::TestSearchTransactions::test_search_nonexistent_stan PASSED [ 92%]
backend/tests/test_transactions.py::TestSearchTransactions::test_search_pagination PASSED [ 93%]
backend/tests/test_transactions.py::TestGetTransaction::test_get_existing PASSED [ 94%]
backend/tests/test_transactions.py::TestGetTransaction::test_get_nonexistent_returns_404 PASSED [ 95%]
backend/tests/test_transactions.py::TestGetTransaction::test_response_has_all_fields PASSED [ 96%]
backend/tests/test_transactions.py::TestTransactionEvents::test_events_for_existing_tx PASSED [ 97%]
backend/tests/test_transactions.py::TestTransactionEvents::test_events_ordered_by_time PASSED [ 98%]
backend/tests/test_transactions.py::TestTransactionEvents::test_events_for_nonexistent_tx_returns_404 PASSED [ 99%]
backend/tests/test_transactions.py::TestTransactionEvents::test_event_fields PASSED [100%]

============================= 104 passed in 0.57s ==============================
